2020-05-13 16:14:22,471 INFO 6740 [Timer] E:\Project\mian-shi-ti\swagger\swagger-egg\node_modules\egg-multipart\app\schedule\clean_tmpdir.js next time will execute after 44137532ms at 2020-05-14 04:30:00.003
2020-05-13 16:14:22,472 INFO 6740 [Timer] E:\Project\mian-shi-ti\swagger\swagger-egg\node_modules\egg-logrotator\app\schedule\clean_log.js next time will execute after 27937529ms at 2020-05-14 00:00:00.000
2020-05-13 16:14:22,474 INFO 6740 [Timer] E:\Project\mian-shi-ti\swagger\swagger-egg\node_modules\egg-logrotator\app\schedule\rotate_by_file.js next time will execute after 27938528ms at 2020-05-14 00:00:01.002
2020-05-13 16:14:22,254 INFO 10044 [egg-schedule]: register schedule E:\Project\mian-shi-ti\swagger\swagger-egg\node_modules\egg-multipart\app\schedule\clean_tmpdir.js
2020-05-13 16:14:22,254 INFO 10044 [egg-schedule]: register schedule E:\Project\mian-shi-ti\swagger\swagger-egg\node_modules\egg-logrotator\app\schedule\clean_log.js
2020-05-13 16:14:22,254 INFO 10044 [egg-schedule]: register schedule E:\Project\mian-shi-ti\swagger\swagger-egg\node_modules\egg-logrotator\app\schedule\rotate_by_file.js
2020-05-13 16:17:55,799 INFO 5624 [Timer] E:\Project\mian-shi-ti\swagger\swagger-egg\node_modules\egg-multipart\app\schedule\clean_tmpdir.js next time will execute after 43924206ms at 2020-05-14 04:30:00.005
2020-05-13 16:17:55,800 INFO 5624 [Timer] E:\Project\mian-shi-ti\swagger\swagger-egg\node_modules\egg-logrotator\app\schedule\clean_log.js next time will execute after 27724201ms at 2020-05-14 00:00:00.001
2020-05-13 16:17:55,800 INFO 5624 [Timer] E:\Project\mian-shi-ti\swagger\swagger-egg\node_modules\egg-logrotator\app\schedule\rotate_by_file.js next time will execute after 27725200ms at 2020-05-14 00:00:01.000
2020-05-13 16:17:55,643 INFO 13264 [egg-schedule]: register schedule E:\Project\mian-shi-ti\swagger\swagger-egg\node_modules\egg-multipart\app\schedule\clean_tmpdir.js
2020-05-13 16:17:55,643 INFO 13264 [egg-schedule]: register schedule E:\Project\mian-shi-ti\swagger\swagger-egg\node_modules\egg-logrotator\app\schedule\clean_log.js
2020-05-13 16:17:55,643 INFO 13264 [egg-schedule]: register schedule E:\Project\mian-shi-ti\swagger\swagger-egg\node_modules\egg-logrotator\app\schedule\rotate_by_file.js
2020-05-13 16:18:18,912 INFO 12740 [Timer] E:\Project\mian-shi-ti\swagger\swagger-egg\node_modules\egg-multipart\app\schedule\clean_tmpdir.js next time will execute after 43901092ms at 2020-05-14 04:30:00.004
2020-05-13 16:18:18,913 INFO 12740 [Timer] E:\Project\mian-shi-ti\swagger\swagger-egg\node_modules\egg-logrotator\app\schedule\clean_log.js next time will execute after 27701088ms at 2020-05-14 00:00:00.001
2020-05-13 16:18:18,913 INFO 12740 [Timer] E:\Project\mian-shi-ti\swagger\swagger-egg\node_modules\egg-logrotator\app\schedule\rotate_by_file.js next time will execute after 27702087ms at 2020-05-14 00:00:01.000
2020-05-13 16:18:18,781 INFO 9160 [egg-schedule]: register schedule E:\Project\mian-shi-ti\swagger\swagger-egg\node_modules\egg-multipart\app\schedule\clean_tmpdir.js
2020-05-13 16:18:18,781 INFO 9160 [egg-schedule]: register schedule E:\Project\mian-shi-ti\swagger\swagger-egg\node_modules\egg-logrotator\app\schedule\clean_log.js
2020-05-13 16:18:18,781 INFO 9160 [egg-schedule]: register schedule E:\Project\mian-shi-ti\swagger\swagger-egg\node_modules\egg-logrotator\app\schedule\rotate_by_file.js
2020-05-13 16:29:38,891 INFO 8072 [egg-schedule]: register schedule E:\Project\mian-shi-ti\swagger\swagger-egg\node_modules\egg-multipart\app\schedule\clean_tmpdir.js
2020-05-13 16:29:38,891 INFO 8072 [egg-schedule]: register schedule E:\Project\mian-shi-ti\swagger\swagger-egg\node_modules\egg-logrotator\app\schedule\clean_log.js
2020-05-13 16:29:38,891 INFO 8072 [egg-schedule]: register schedule E:\Project\mian-shi-ti\swagger\swagger-egg\node_modules\egg-logrotator\app\schedule\rotate_by_file.js
